<?xml version="1.0" encoding="UTF-8"?>
<!-- Generated by org.testng.reporters.JUnitXMLReporter -->
<testsuite ignored="0" hostname="DESKTOP-36C8921" failures="0" tests="3" name="regiression test" time="14.258" errors="0" timestamp="2019-10-28T13:20:50 EET">
  <testcase classname="tests.UserRegerationTest" name="usercanregistersuccessfully" time="7.797"/>
  <testcase classname="tests.UserRegerationTest" name="registerdusercanlogout" time="1.328"/>
  <testcase classname="tests.UserRegerationTest" name="registerusercanlogin" time="4.953"/>
</testsuite> <!-- regiression test -->
